C51 COMPILER V9.60.0.0   MAIN                                                              04/02/2022 17:07:42 PAGE 1   


C51 COMPILER V9.60.0.0, COMPILATION OF MODULE MAIN
OBJECT MODULE PLACED IN .\Objects\main.obj
COMPILER INVOKED BY: C:\Keil_v5\C51\BIN\C51.EXE main.c OPTIMIZE(8,SPEED) BROWSE DEBUG OBJECTEXTEND PRINT(.\Listings\main
                    -.lst) TABS(2) OBJECT(.\Objects\main.obj)

line level    source

   1          #include <at89c5131.h>
   2          #include "endsem.h"
   3          
   4          char S_str[6]= {0,0,0,0,0,0};   //String for Balance Sita
   5          char G_str[6] = {0,0,0,0,0,0};  //String for Balance Gita
   6          char n500_s[3]= {0,0,0};    // STRING FOR 500RS NOTE
   7          char n100_s[3]= {0,0,0};    // STRING FOR 100RS NOTE
   8          
   9          char password[5] = {0,0,0,0,0} ;   //PASSWORD ARRAY
  10          //Main function
  11          char str;
  12          char str2;
  13          char str3;
  14          int val;
  15          int val1;
  16          int val2;
  17          int note1;
  18          int note2;
  19          
  20          //-------------------------------------------------
  21          void main(void)
  22          {
  23   1        unsigned char ch=0;
  24   1        uart_init();            // Please finish this function in endsem.h 
  25   1        transmit_string("Press A for Account display and W for withdrawing cash\r\n");
  26   1        
  27   1          while (1)
  28   1          {
  29   2            //Receive a character
  30   2            ch = receive_char();
  31   2            switch(ch)
  32   2            {
  33   3              case 'A':
  34   3                       transmit_string("Hello, Please enter Account Number\r\n");
  35   3                       ch = receive_char();
  36   3                       switch(ch)
  37   3                       {
  38   4                         case '1':
  39   4                           transmit_string("Account Holder: Sita\r\n");
  40   4                           transmit_string("Account Balance: 10000\r\n");
  41   4                           break;
  42   4                         
  43   4                         case '2':
  44   4                           transmit_string("Account Holder: Gita\r\n");
  45   4                           transmit_string("Account Balance: 10000\r\n");
  46   4                           break;
  47   4                         
  48   4                         default:transmit_string("No such Account. Please enter valid details\r\n");
  49   4                                  break;
  50   4                       }
  51   3                  main();
*** WARNING C265 IN LINE 51 OF main.c: 'main': recursive call to non-reentrant function
  52   3              
  53   3              case 'W':
C51 COMPILER V9.60.0.0   MAIN                                                              04/02/2022 17:07:42 PAGE 2   

  54   3                       transmit_string("Withdraw state, enter account number\r\n");
  55   3                       ch = receive_char();
  56   3                     
  57   3                       switch(ch)
  58   3                       {
  59   4                         case '1':
  60   4                           transmit_string("Account Holder: Sita\r\n");
  61   4                           transmit_string("Account Balance: 10000\r\n");
  62   4                           transmit_string("Enter Amount: In Hundreds\r\n");
  63   4                             ch = receive_char();
  64   4                             val1 = ch;
  65   4                             ch = receive_char();
  66   4                             val2 = ch;
  67   4                             
  68   4                             val = val1*10 + val2;
  69   4                             val = val*100;
  70   4                             if (val > 10000){
  71   5                               transmit_string("Insufficient Funds\r\n");}
  72   4                             else {
  73   5                               val = 10000 - val ;
  74   5                               note1= val/500;
  75   5                               note2= val%500;
  76   5                               int_to_string1(val ,str);
*** WARNING C206 IN LINE 76 OF main.c: 'int_to_string1': missing function-prototype
*** ERROR C267 IN LINE 76 OF main.c: 'int_to_string1': requires ANSI-style prototype
  77   5                               int_to_string2(note1, str2);
  78   5                               int_to_string2(note2, str3);
  79   5                               
  80   5                               transmit_string("Remaining Balance :\r\n");
  81   5                               transmit_string(str);
  82   5                               transmit_string("500 notes: \r\n");
  83   5                               transmit_string(str2);
  84   5                               transmit_string("100 notes: \r\n");
  85   5                               transmit_string(str3);}
  86   4                               main();
  87   4                         
  88   4                         case '2':
  89   4                           transmit_string("Account Holder: Gita\r\n");
  90   4                           transmit_string("Account Balance: 10000\r\n");
  91   4                           transmit_string("Enter Amount: In Hundreds\r\n");
  92   4                           ch = receive_char();
  93   4                             val1 = ch;
  94   4                             ch = receive_char();
  95   4                             val2 = ch;
  96   4                    
  97   4                             val = val1*10 + val2;
  98   4                             val = val*100;
  99   4                             if (val > 10000){
 100   5                               transmit_string("Insufficient Funds\r\n");}
 101   4                             
 102   4                             else {
 103   5                               val = 10000 - val ;
 104   5                               note1= val/500;
 105   5                               note2= val%500;
 106   5                               int_to_string1(val ,str);
 107   5                               int_to_string2(note1, str2);
 108   5                               int_to_string2(note2, str3);
 109   5                               
 110   5                               transmit_string("Remaining Balance :\r\n");
 111   5                               transmit_string(str);
 112   5                               transmit_string("500 notes: \r\n");
 113   5                               transmit_string(str2);
C51 COMPILER V9.60.0.0   MAIN                                                              04/02/2022 17:07:42 PAGE 3   

 114   5                               transmit_string("100 notes: \r\n");
 115   5                               transmit_string(str3);}}
 116   3                               main();
 117   3                         
 118   3                          default:transmit_string("No such Account. Please enter valid details\r\n");
 119   3                                  main();}        
 120   2            }
 121   1            
 122   1            /* code */
 123   1              // YOUR CODE GOES HERE
 124   1          }
 125          }

C51 COMPILATION COMPLETE.  2 WARNING(S),  1 ERROR(S)
