C51 COMPILER V9.60.0.0   MAIN                                                              03/20/2022 16:07:22 PAGE 1   


C51 COMPILER V9.60.0.0, COMPILATION OF MODULE MAIN
OBJECT MODULE PLACED IN .\Objects\Main.obj
COMPILER INVOKED BY: C:\Keil_v5\C51\BIN\C51.EXE Main.c OPTIMIZE(8,SPEED) BROWSE DEBUG OBJECTEXTEND PRINT(.\Listings\Main
                    -.lst) TABS(2) OBJECT(.\Objects\Main.obj)

line level    source

   1          #include <at89c5131.h>
   2          #include "lcd.h"        //Header file with LCD interfacing functions
   3          #include "MorseCode.h"  //Header file for Morse Code 
   4          
   5          sbit LED=P1^7;
   6          
   7          /*
   8          Port P0.7 is used for the audio signal output
   9          */  
  10          //Main function
  11          void loop (void){
  12   1        unsigned int i=1;
  13   1        while(i==1){
  14   2          i=1;}
  15   1        }
  16          void main(void)
  17          {
  18   1          
  19   1        //Call initialization functions
  20   1        lcd_init();
  21   1        
  22   1        
  23   1        // Read input nibble here
  24   1        
  25   1        if (P1_0){
  26   2          lcd_write_string("A");
  27   2          morsea();
  28   2        //  reset();
  29   2          loop();
  30   2        }
  31   1        else if (P1_1){
  32   2          lcd_write_string("B");
  33   2          morseb();
  34   2        //  reset();
  35   2          loop();
  36   2        }
  37   1        else if (P1_2){
  38   2          lcd_write_string("C");
  39   2          morsec();
  40   2        //  reset();
  41   2          loop();
  42   2        }
  43   1        else if (P1_3){
  44   2          lcd_write_string("D");
  45   2          morsed();
  46   2        //  reset();
  47   2          loop();
  48   2        }
  49   1        else {
  50   2          lcd_write_string("E");
  51   2          morsee();
  52   2        //  reset();
  53   2          loop();
  54   2        }
C51 COMPILER V9.60.0.0   MAIN                                                              03/20/2022 16:07:22 PAGE 2   

  55   1        
  56   1        // Insert Priority Logic
  57   1        // Inside each condition, call the functions from MorseCode.h. Fill functions in MorseCode.h
  58   1        // Write to LCD using function lcd_write_string() in side the condition as well
  59   1      }
  60          


MODULE INFORMATION:   STATIC OVERLAYABLE
   CODE SIZE        =    378    ----
   CONSTANT SIZE    =     10    ----
   XDATA SIZE       =   ----    ----
   PDATA SIZE       =   ----    ----
   DATA SIZE        =   ----       3
   IDATA SIZE       =   ----    ----
   BIT SIZE         =   ----    ----
END OF MODULE INFORMATION.


C51 COMPILATION COMPLETE.  0 WARNING(S),  0 ERROR(S)
